Added Component: Designator=5output(HDR1X2)
Add component. Clean all parameters for all variants
Add component (AddParameter): Name = "LatestRevisionDate"; Value = "17-Jul-2002"; VariantName = "[No Variations]"
Add component (AddParameter): Name = "LatestRevisionNote"; Value = "Re-released for DXP Platform."; VariantName = "[No Variations]"
Add component (AddParameter): Name = "Publisher"; Value = "Altium Limited"; VariantName = "[No Variations]"
Added Component: Designator=7.5input(HDR1X2)
Add component. Clean all parameters for all variants
Add component (AddParameter): Name = "LatestRevisionDate"; Value = "17-Jul-2002"; VariantName = "[No Variations]"
Add component (AddParameter): Name = "LatestRevisionNote"; Value = "Re-released for DXP Platform."; VariantName = "[No Variations]"
Add component (AddParameter): Name = "Publisher"; Value = "Altium Limited"; VariantName = "[No Variations]"
Added Component: Designator=7.5output(HDR1X2)
Add component. Clean all parameters for all variants
Add component (AddParameter): Name = "LatestRevisionDate"; Value = "17-Jul-2002"; VariantName = "[No Variations]"
Add component (AddParameter): Name = "LatestRevisionNote"; Value = "Re-released for DXP Platform."; VariantName = "[No Variations]"
Add component (AddParameter): Name = "Publisher"; Value = "Altium Limited"; VariantName = "[No Variations]"
Added Pin To Net: NetName=NetCout_1 Pin=5output-1
Added Pin To Net: NetName=0 Pin=5output-2
Added Pin To Net: NetName=NetCin_1 Pin=7.5input-1
Added Pin To Net: NetName=0 Pin=7.5input-2
Added Pin To Net: NetName=NetCin_1 Pin=7.5output-1
Added Pin To Net: NetName=0 Pin=7.5output-2
Change Net Name : Old Net Name=NetCin_1 New Net Name=Net7.5input_1
Change Net Name : Old Net Name=NetCout_1 New Net Name=Net5output_1
Added Member To Class: ClassName=power_management Member=Component 5output Header 2
Added Member To Class: ClassName=power_management Member=Component 7.5input Header 2
Added Member To Class: ClassName=power_management Member=Component 7.5output Header 2
