Removed Pin From Net: NetName=NetPortH_2 Pin=PortOut-1
Change Component Footprint: Designator=PortOut Old Footprint=HDR1X4 New Footprint=HDR1X6
Change Component Comment : Designator=PortOut Old Comment=Header 4 New Comment=Header 6
Added Component: Designator=Rup(AXIAL-0.4)
Add component. Clean all parameters for all variants
Add component (AddParameter): Name = "LatestRevisionDate"; Value = "17-Jul-2002"; VariantName = "[No Variations]"
Add component (AddParameter): Name = "LatestRevisionNote"; Value = "Re-released for DXP Platform."; VariantName = "[No Variations]"
Add component (AddParameter): Name = "PackageDescription"; Value = "Axial Device, Thru-Hole; 2 Leads; 0.4 in Pin Spacing"; VariantName = "[No Variations]"
Add component (AddParameter): Name = "PackageReference"; Value = "AXIAL-0.4"; VariantName = "[No Variations]"
Add component (AddParameter): Name = "Published"; Value = "8-Jun-2000"; VariantName = "[No Variations]"
Add component (AddParameter): Name = "Publisher"; Value = "Altium Limited"; VariantName = "[No Variations]"
Add component (AddParameter): Name = "Value"; Value = "10K"; VariantName = "[No Variations]"
Added Pin To Net: NetName=GND Pin=PortOut-1
Added Pin To Net: NetName=NetPortH_2 Pin=PortOut-5
Added Pin To Net: NetName=VCC Pin=PortOut-6
Added Pin To Net: NetName=VCC Pin=Rup-1
Added Pin To Net: NetName=NetPortH_2 Pin=Rup-2
Added Member To Class: ClassName=board_back Member=Component Rup Res2
Change Room Name: Old Name=RoomDefinition New Name=board_back
Change Room Scope: Old Scope=InComponentClass('Components Class 1') New Scope=InComponentClass('board_back')
